<?xml version="1.0" encoding="utf-8"?>
<?AutomationStudio Version="4.5.2.102"?>
<Objects>
  <Object
    Path="C:\Users\admin\Desktop\KRBO0222\Lab1\Logical\Package.pkg"
    LogicalPath=""
    Type="Package.ParentUnknown"
    LastWriteTime="134033607353462171" />
  <Object
    Path="C:\Users\admin\Desktop\KRBO0222\Lab1\Logical\Global.typ"
    LogicalPath="Global.typ"
    Type="File"
    LastWriteTime="134012950035682474"
    Private="false" />
  <Object
    Path="C:\Users\admin\Desktop\KRBO0222\Lab1\Logical\Global.var"
    LogicalPath="Global.var"
    Type="File"
    LastWriteTime="134033635260278017"
    Private="false" />
  <Object
    Path="C:\Users\admin\Desktop\KRBO0222\Lab1\Logical\Libraries\Package.pkg"
    LogicalPath="Libraries"
    Type="Package"
    LastWriteTime="134019000151627219" />
  <Object
    Path="C:\Users\admin\Desktop\KRBO0222\Lab1\Logical\Libraries\operator\binary.lby"
    LogicalPath="Libraries.operator"
    Type="Library"
    LastWriteTime="134012950051219503" />
  <Object
    Path="C:\Users\admin\Desktop\KRBO0222\Lab1\Logical\Libraries\operator\operator.fun"
    LogicalPath="Libraries.operator.operator.fun"
    Type="File"
    LastWriteTime="134012950051169620"
    Private="false" />
  <Object
    Path="C:\Users\admin\Desktop\KRBO0222\Lab1\Logical\Libraries\operator\operator.typ"
    LogicalPath="Libraries.operator.operator.typ"
    Type="File"
    LastWriteTime="134012950051199556"
    Private="false" />
  <Object
    Path="C:\Users\admin\Desktop\KRBO0222\Lab1\Logical\Libraries\operator\operator.var"
    LogicalPath="Libraries.operator.operator.var"
    Type="File"
    LastWriteTime="134012950051219503"
    Private="false" />
  <Object
    Path="C:\Users\admin\Desktop\KRBO0222\Lab1\Logical\Libraries\runtime\binary.lby"
    LogicalPath="Libraries.runtime"
    Type="Library"
    LastWriteTime="134012950055218786" />
  <Object
    Path="C:\Users\admin\Desktop\KRBO0222\Lab1\Logical\Libraries\runtime\runtime.fun"
    LogicalPath="Libraries.runtime.runtime.fun"
    Type="File"
    LastWriteTime="134012950055168910"
    Private="false" />
  <Object
    Path="C:\Users\admin\Desktop\KRBO0222\Lab1\Logical\Libraries\runtime\runtime.typ"
    LogicalPath="Libraries.runtime.runtime.typ"
    Type="File"
    LastWriteTime="134012950055198829"
    Private="false" />
  <Object
    Path="C:\Users\admin\Desktop\KRBO0222\Lab1\Logical\Libraries\runtime\runtime.var"
    LogicalPath="Libraries.runtime.runtime.var"
    Type="File"
    LastWriteTime="134012950055208802"
    Private="false" />
  <Object
    Path="C:\Users\admin\Desktop\KRBO0222\Lab1\Logical\Libraries\astime\binary.lby"
    LogicalPath="Libraries.astime"
    Type="Library"
    LastWriteTime="134012950059029229" />
  <Object
    Path="C:\Users\admin\Desktop\KRBO0222\Lab1\Logical\Libraries\astime\astime.fun"
    LogicalPath="Libraries.astime.astime.fun"
    Type="File"
    LastWriteTime="134012950058999307"
    Private="false" />
  <Object
    Path="C:\Users\admin\Desktop\KRBO0222\Lab1\Logical\Libraries\astime\astime.typ"
    LogicalPath="Libraries.astime.astime.typ"
    Type="File"
    LastWriteTime="134012950059009282"
    Private="false" />
  <Object
    Path="C:\Users\admin\Desktop\KRBO0222\Lab1\Logical\Libraries\astime\astime.var"
    LogicalPath="Libraries.astime.astime.var"
    Type="File"
    LastWriteTime="134012950059029229"
    Private="false" />
  <Object
    Path="C:\Users\admin\Desktop\KRBO0222\Lab1\Logical\Libraries\AsIecCon\binary.lby"
    LogicalPath="Libraries.AsIecCon"
    Type="Library"
    LastWriteTime="134012950062839271" />
  <Object
    Path="C:\Users\admin\Desktop\KRBO0222\Lab1\Logical\Libraries\AsIecCon\AsIecCon.fun"
    LogicalPath="Libraries.AsIecCon.AsIecCon.fun"
    Type="File"
    LastWriteTime="134012950062809349"
    Private="false" />
  <Object
    Path="C:\Users\admin\Desktop\KRBO0222\Lab1\Logical\Libraries\AsIecCon\AsIecCon.typ"
    LogicalPath="Libraries.AsIecCon.AsIecCon.typ"
    Type="File"
    LastWriteTime="134012950062819326"
    Private="false" />
  <Object
    Path="C:\Users\admin\Desktop\KRBO0222\Lab1\Logical\Libraries\AsIecCon\AsIecCon.var"
    LogicalPath="Libraries.AsIecCon.AsIecCon.var"
    Type="File"
    LastWriteTime="134012950062839271"
    Private="false" />
  <Object
    Path="C:\Users\admin\Desktop\KRBO0222\Lab1\Logical\Libraries\Library\ANSIC.lby"
    LogicalPath="Libraries.Library"
    Type="Library"
    LastWriteTime="134019003577947198" />
  <Object
    Path="C:\Users\admin\Desktop\KRBO0222\Lab1\Logical\Libraries\Library\Types.typ"
    LogicalPath="Libraries.Library.Types.typ"
    Type="File"
    LastWriteTime="134019000151408097"
    Private="false" />
  <Object
    Path="C:\Users\admin\Desktop\KRBO0222\Lab1\Logical\Libraries\Library\Constants.var"
    LogicalPath="Libraries.Library.Constants.var"
    Type="File"
    LastWriteTime="134019000151427880"
    Private="false" />
  <Object
    Path="C:\Users\admin\Desktop\KRBO0222\Lab1\Logical\Libraries\Library\Library.fun"
    LogicalPath="Libraries.Library.Library.fun"
    Type="File"
    LastWriteTime="134033658586715482"
    Private="false" />
  <Object
    Path="C:\Users\admin\Desktop\KRBO0222\Lab1\Logical\Libraries\Library\FB_Motor.c"
    LogicalPath="Libraries.Library.FB_Motor.c"
    Type="File"
    LastWriteTime="134033658316203462"
    Private="false" />
  <Object
    Path="C:\Users\admin\Desktop\KRBO0222\Lab1\Logical\Libraries\Library\FB_Integrator.c"
    LogicalPath="Libraries.Library.FB_Integrator.c"
    Type="File"
    LastWriteTime="134033658733239197"
    Private="false" />
  <Object
    Path="C:\Users\admin\Desktop\KRBO0222\Lab1\Logical\Libraries\Library\FB_Regulator.c"
    LogicalPath="Libraries.Library.FB_Regulator.c"
    Type="File"
    LastWriteTime="134033625129107595"
    Private="false" />
  <Object
    Path="C:\Users\admin\Desktop\KRBO0222\Lab1\Logical\Program\ANSIC.prg"
    LogicalPath="Program"
    Type="Program"
    LastWriteTime="134033607353442231" />
  <Object
    Path="C:\Users\admin\Desktop\KRBO0222\Lab1\Logical\Program\Main.c"
    LogicalPath="Program.Main.c"
    Type="File"
    LastWriteTime="134043971556536261"
    Private="false" />
  <Object
    Path="C:\Users\admin\Desktop\KRBO0222\Lab1\Logical\Program\Types.typ"
    LogicalPath="Program.Types.typ"
    Type="File"
    LastWriteTime="134033607353422270"
    Private="true" />
  <Object
    Path="C:\Users\admin\Desktop\KRBO0222\Lab1\Logical\Program\Variables.var"
    LogicalPath="Program.Variables.var"
    Type="File"
    LastWriteTime="134033632533849449"
    Private="true" />
  <Object
    Path="C:\Users\admin\Desktop\KRBO0222\Lab1\Physical\Config1\Config.pkg"
    LogicalPath="Config1"
    Type="Configuration.ParentUnknown"
    LastWriteTime="134012950087592049" />
  <Object
    Path="C:\Users\admin\Desktop\KRBO0222\Lab1\Physical\Config1\Hardware.hw"
    LogicalPath="Config1.Hardware.hw"
    Type="File"
    LastWriteTime="134043969073462699"
    Private="false" />
  <Object
    Path="C:\Users\admin\Desktop\KRBO0222\Lab1\Physical\Config1\Hardware.hwl"
    LogicalPath="Config1.Hardware.hwl"
    Type="File"
    LastWriteTime="134033596724480598"
    Private="false" />
  <Object
    Path="C:\Users\admin\Desktop\KRBO0222\Lab1\Physical\Config1\4PP065_0351_P74\Cpu.pkg"
    LogicalPath="Config1.4PP065_0351_P74"
    Type="Cpu"
    LastWriteTime="134012950082253546" />
  <Object
    Path="C:\Users\admin\Desktop\KRBO0222\Lab1\Physical\Config1\4PP065_0351_P74\Cpu.sw"
    LogicalPath="Config1.4PP065_0351_P74.Cpu.sw"
    Type="File"
    LastWriteTime="134037174697341113"
    Private="false" />
  <Object
    Path="C:\Users\admin\Desktop\KRBO0222\Lab1\Physical\Config1\4PP065_0351_P74\Cpu.per"
    LogicalPath="Config1.4PP065_0351_P74.Cpu.per"
    Type="File"
    LastWriteTime="134012950064427850"
    Private="false" />
  <Object
    Path="C:\Users\admin\Desktop\KRBO0222\Lab1\Physical\Config1\4PP065_0351_P74\IoMap.iom"
    LogicalPath="Config1.4PP065_0351_P74.IoMap.iom"
    Type="File"
    LastWriteTime="134012950064437818"
    Private="false" />
  <Object
    Path="C:\Users\admin\Desktop\KRBO0222\Lab1\Physical\Config1\4PP065_0351_P74\PvMap.vvm"
    LogicalPath="Config1.4PP065_0351_P74.PvMap.vvm"
    Type="File"
    LastWriteTime="134012950064447800"
    Private="false" />
  <Object
    Path="C:\Users\admin\Desktop\KRBO0222\Lab1\Physical\Config1\4PP065_0351_P74\Connectivity\Package.pkg"
    LogicalPath="Config1.4PP065_0351_P74.Connectivity"
    Type="Package"
    LastWriteTime="134012950064647255" />
  <Object
    Path="C:\Users\admin\Desktop\KRBO0222\Lab1\Physical\Config1\4PP065_0351_P74\Connectivity\OpcUA\Package.pkg"
    LogicalPath="Config1.4PP065_0351_P74.Connectivity.OpcUA"
    Type="Package"
    LastWriteTime="134012950064647255" />
  <Object
    Path="C:\Users\admin\Desktop\KRBO0222\Lab1\Physical\Config1\4PP065_0351_P74\TextSystem\Package.pkg"
    LogicalPath="Config1.4PP065_0351_P74.TextSystem"
    Type="Package"
    LastWriteTime="134012950064687148" />
  <Object
    Path="C:\Users\admin\Desktop\KRBO0222\Lab1\Physical\Config1\4PP065_0351_P74\UnitSystem\Package.pkg"
    LogicalPath="Config1.4PP065_0351_P74.UnitSystem"
    Type="Package"
    LastWriteTime="134012950064717069" />
  <Object
    Path="C:\Users\admin\Desktop\KRBO0222\Lab1\Physical\Config1\4PP065_0351_P74\AccessAndSecurity\Package.pkg"
    LogicalPath="Config1.4PP065_0351_P74.AccessAndSecurity"
    Type="Package"
    LastWriteTime="134012950065084983" />
  <Object
    Path="C:\Users\admin\Desktop\KRBO0222\Lab1\Physical\Config1\4PP065_0351_P74\AccessAndSecurity\UserRoleSystem\Package.pkg"
    LogicalPath="Config1.4PP065_0351_P74.AccessAndSecurity.UserRoleSystem"
    Type="Package"
    LastWriteTime="134012950064816804" />
  <Object
    Path="C:\Users\admin\Desktop\KRBO0222\Lab1\Physical\Config1\4PP065_0351_P74\AccessAndSecurity\UserRoleSystem\Role.role"
    LogicalPath="Config1.4PP065_0351_P74.AccessAndSecurity.UserRoleSystem.Role.role"
    Type="File"
    LastWriteTime="134012950064796856"
    Private="false" />
  <Object
    Path="C:\Users\admin\Desktop\KRBO0222\Lab1\Physical\Config1\4PP065_0351_P74\AccessAndSecurity\UserRoleSystem\User.user"
    LogicalPath="Config1.4PP065_0351_P74.AccessAndSecurity.UserRoleSystem.User.user"
    Type="File"
    LastWriteTime="134012950064816804"
    Private="false" />
  <Object
    Path="C:\Users\admin\Desktop\KRBO0222\Lab1\Physical\Config1\4PP065_0351_P74\AccessAndSecurity\CertificateStore\Package.pkg"
    LogicalPath="Config1.4PP065_0351_P74.AccessAndSecurity.CertificateStore"
    Type="Package"
    LastWriteTime="134012950065045091" />
  <Object
    Path="C:\Users\admin\Desktop\KRBO0222\Lab1\Physical\Config1\4PP065_0351_P74\AccessAndSecurity\CertificateStore\OwnCertificates\Package.pkg"
    LogicalPath="Config1.4PP065_0351_P74.AccessAndSecurity.CertificateStore.OwnCertificates"
    Type="Package"
    LastWriteTime="134012950064926624" />
  <Object
    Path="C:\Users\admin\Desktop\KRBO0222\Lab1\Physical\Config1\4PP065_0351_P74\AccessAndSecurity\CertificateStore\OwnCertificates\Certificates\Package.pkg"
    LogicalPath="Config1.4PP065_0351_P74.AccessAndSecurity.CertificateStore.OwnCertificates.Certificates"
    Type="Package"
    LastWriteTime="134012950064896587" />
  <Object
    Path="C:\Users\admin\Desktop\KRBO0222\Lab1\Physical\Config1\4PP065_0351_P74\AccessAndSecurity\CertificateStore\OwnCertificates\PrivateKeys\Package.pkg"
    LogicalPath="Config1.4PP065_0351_P74.AccessAndSecurity.CertificateStore.OwnCertificates.PrivateKeys"
    Type="Package"
    LastWriteTime="134012950064926624" />
  <Object
    Path="C:\Users\admin\Desktop\KRBO0222\Lab1\Physical\Config1\4PP065_0351_P74\AccessAndSecurity\CertificateStore\ThirdPartyCertificates\Package.pkg"
    LogicalPath="Config1.4PP065_0351_P74.AccessAndSecurity.CertificateStore.ThirdPartyCertificates"
    Type="Package"
    LastWriteTime="134012950064986465" />
  <Object
    Path="C:\Users\admin\Desktop\KRBO0222\Lab1\Physical\Config1\4PP065_0351_P74\AccessAndSecurity\CertificateStore\ThirdPartyCertificates\SoftwareCertificates\Package.pkg"
    LogicalPath="Config1.4PP065_0351_P74.AccessAndSecurity.CertificateStore.ThirdPartyCertificates.SoftwareCertificates"
    Type="Package"
    LastWriteTime="134012950064976560" />
  <Object
    Path="C:\Users\admin\Desktop\KRBO0222\Lab1\Physical\Config1\4PP065_0351_P74\AccessAndSecurity\CertificateStore\CertificateRevocationLists\Package.pkg"
    LogicalPath="Config1.4PP065_0351_P74.AccessAndSecurity.CertificateStore.CertificateRevocationLists"
    Type="Package"
    LastWriteTime="134012950065016384" />
  <Object
    Path="C:\Users\admin\Desktop\KRBO0222\Lab1\Physical\Config1\4PP065_0351_P74\AccessAndSecurity\CertificateStore\CertificateSigningRequests\Package.pkg"
    LogicalPath="Config1.4PP065_0351_P74.AccessAndSecurity.CertificateStore.CertificateSigningRequests"
    Type="Package"
    LastWriteTime="134012950065045091" />
  <Object
    Path="C:\Users\admin\Desktop\KRBO0222\Lab1\Physical\Config1\4PP065_0351_P74\AccessAndSecurity\TransportLayerSecurity\Package.pkg"
    LogicalPath="Config1.4PP065_0351_P74.AccessAndSecurity.TransportLayerSecurity"
    Type="Package"
    LastWriteTime="134012950065075008" />
  <Object
    Path="C:\Users\admin\Desktop\KRBO0222\Lab1\Physical\Config1\4PP065_0351_P74\mappControl\Package.pkg"
    LogicalPath="Config1.4PP065_0351_P74.mappControl"
    Type="Package"
    LastWriteTime="134012950065124874" />
  <Object
    Path="C:\Users\admin\Desktop\KRBO0222\Lab1\Physical\Config1\4PP065_0351_P74\mappMotion\Package.pkg"
    LogicalPath="Config1.4PP065_0351_P74.mappMotion"
    Type="Package"
    LastWriteTime="134012950065154793" />
  <Object
    Path="C:\Users\admin\Desktop\KRBO0222\Lab1\Physical\Config1\4PP065_0351_P74\mappServices\Package.pkg"
    LogicalPath="Config1.4PP065_0351_P74.mappServices"
    Type="Package"
    LastWriteTime="134012950065184717" />
  <Object
    Path="C:\Users\admin\Desktop\KRBO0222\Lab1\Physical\Config1\4PP065_0351_P74\mappView\Package.pkg"
    LogicalPath="Config1.4PP065_0351_P74.mappView"
    Type="Package"
    LastWriteTime="134012950065224608" />
  <Object
    Path="C:\Users\admin\Desktop\KRBO0222\Lab1\Physical\Config1\4PP065_0351_P74\mappCockpit\Package.pkg"
    LogicalPath="Config1.4PP065_0351_P74.mappCockpit"
    Type="Package"
    LastWriteTime="134012950065254529" />
  <Object
    Path="C:\Users\admin\Desktop\KRBO0222\Lab1\Physical\Config1\4PP065_0351_P74\VC\Package.pkg"
    LogicalPath="Config1.4PP065_0351_P74.VC"
    Type="Package"
    LastWriteTime="134012950083374832" />
  <Object
    Path="C:\Users\admin\Desktop\KRBO0222\Lab1\Physical\Config1\4PP065_0351_P74\VC\4PP065_0351_P74.dis"
    LogicalPath="Config1.4PP065_0351_P74.VC.4PP065_0351_P74.dis"
    Type="File"
    LastWriteTime="134012950083454334"
    Private="false" />
  <Object
    Path="C:\Users\admin\Desktop\KRBO0222\Lab1\Physical\Config1\Hardware.jpg"
    LogicalPath="Config1.Hardware.jpg"
    Type="File"
    LastWriteTime="134043971555909808"
    Private="false" />
</Objects>